Motion-Sensor-Processing/ShootingApp/build/outputs/logs/manifest-merger-debug-report.txt
-- Merging decision tree log ---
manifest
ADDED from src\main\AndroidManifest.xml:2:1-26:12
	package
		ADDED from src\main\AndroidManifest.xml:3:7-39
	android:versionName
		ADDED from src\main\AndroidManifest.xml:5:7-32
		INJECTED from src\main\AndroidManifest.xml
		INJECTED from src\main\AndroidManifest.xml
	android:versionCode
		ADDED from src\main\AndroidManifest.xml:4:7-30
		INJECTED from src\main\AndroidManifest.xml
		INJECTED from src\main\AndroidManifest.xml
	xmlns:android
		ADDED from src\main\AndroidManifest.xml:2:11-69
supports-screens
ADDED from src\main\AndroidManifest.xml:8:5-12:51
	android:largeScreens
		ADDED from src\main\AndroidManifest.xml:11:23-50
	android:smallScreens
		ADDED from src\main\AndroidManifest.xml:9:23-50
	android:normalScreens
		ADDED from src\main\AndroidManifest.xml:10:23-51
	android:resizeable
		ADDED from src\main\AndroidManifest.xml:8:23-48
	android:anyDensity
		ADDED from src\main\AndroidManifest.xml:12:23-48
application
ADDED from src\main\AndroidManifest.xml:14:5-24:19
	android:label
		ADDED from src\main\AndroidManifest.xml:14:18-50
	android:icon
		ADDED from src\main\AndroidManifest.xml:14:51-87
activity#nus.cs4222.shootingapp.ShootingAppActivity
ADDED from src\main\AndroidManifest.xml:15:9-23:20
	android:screenOrientation
		ADDED from src\main\AndroidManifest.xml:17:19-55
	android:label
		ADDED from src\main\AndroidManifest.xml:16:19-51
	android:windowSoftInputMode
		ADDED from src\main\AndroidManifest.xml:18:19-60
	android:name
		ADDED from src\main\AndroidManifest.xml:15:19-53
intent-filter#android.intent.action.MAIN+android.intent.category.LAUNCHER
ADDED from src\main\AndroidManifest.xml:19:13-22:29
action#android.intent.action.MAIN
ADDED from src\main\AndroidManifest.xml:20:17-69
	android:name
		ADDED from src\main\AndroidManifest.xml:20:25-66
category#android.intent.category.LAUNCHER
ADDED from src\main\AndroidManifest.xml:21:17-77
	android:name
		ADDED from src\main\AndroidManifest.xml:21:27-74